Performing C SOURCE FILE Test CMAKE_HAVE_LIBC_PTHREAD failed with the following output:
Change Dir: /mnt/c/Users/c.bouchet/Documents/Davey/Example_GoogleTest/build/CMakeFiles/CMakeTmp

Run Build Command(s):/usr/bin/make cmTC_5e5ab/fast && make: Warning: File 'Makefile' has modification time 0.028 s in the future
/usr/bin/make -f CMakeFiles/cmTC_5e5ab.dir/build.make CMakeFiles/cmTC_5e5ab.dir/build
make[1]: Entering directory '/mnt/c/Users/c.bouchet/Documents/Davey/Example_GoogleTest/build/CMakeFiles/CMakeTmp'
make[1]: Warning: File 'CMakeFiles/cmTC_5e5ab.dir/flags.make' has modification time 0.013 s in the future
Building C object CMakeFiles/cmTC_5e5ab.dir/src.c.o
/usr/bin/cc   -DCMAKE_HAVE_LIBC_PTHREAD   -o CMakeFiles/cmTC_5e5ab.dir/src.c.o   -c /mnt/c/Users/c.bouchet/Documents/Davey/Example_GoogleTest/build/CMakeFiles/CMakeTmp/src.c
Linking C executable cmTC_5e5ab
/usr/bin/cmake -E cmake_link_script CMakeFiles/cmTC_5e5ab.dir/link.txt --verbose=1
/usr/bin/cc  -DCMAKE_HAVE_LIBC_PTHREAD  -fprofile-arcs -ftest-coverage  CMakeFiles/cmTC_5e5ab.dir/src.c.o  -o cmTC_5e5ab 
/usr/bin/ld: CMakeFiles/cmTC_5e5ab.dir/src.c.o: in function `main':
src.c:(.text+0x46): undefined reference to `pthread_create'
/usr/bin/ld: src.c:(.text+0x52): undefined reference to `pthread_detach'
/usr/bin/ld: src.c:(.text+0x63): undefined reference to `pthread_join'
collect2: error: ld returned 1 exit status
make[1]: *** [CMakeFiles/cmTC_5e5ab.dir/build.make:87: cmTC_5e5ab] Error 1
make[1]: Leaving directory '/mnt/c/Users/c.bouchet/Documents/Davey/Example_GoogleTest/build/CMakeFiles/CMakeTmp'
make: *** [Makefile:121: cmTC_5e5ab/fast] Error 2


Source file was:
#include <pthread.h>

void* test_func(void* data)
{
  return data;
}

int main(void)
{
  pthread_t thread;
  pthread_create(&thread, NULL, test_func, NULL);
  pthread_detach(thread);
  pthread_join(thread, NULL);
  pthread_atfork(NULL, NULL, NULL);
  pthread_exit(NULL);

  return 0;
}

Determining if the function pthread_create exists in the pthreads failed with the following output:
Change Dir: /mnt/c/Users/c.bouchet/Documents/Davey/Example_GoogleTest/build/CMakeFiles/CMakeTmp

Run Build Command(s):/usr/bin/make cmTC_7892d/fast && make: Warning: File 'Makefile' has modification time 0.026 s in the future
/usr/bin/make -f CMakeFiles/cmTC_7892d.dir/build.make CMakeFiles/cmTC_7892d.dir/build
make[1]: Entering directory '/mnt/c/Users/c.bouchet/Documents/Davey/Example_GoogleTest/build/CMakeFiles/CMakeTmp'
make[1]: Warning: File 'CMakeFiles/cmTC_7892d.dir/flags.make' has modification time 0.0074 s in the future
Building C object CMakeFiles/cmTC_7892d.dir/CheckFunctionExists.c.o
/usr/bin/cc   -DCHECK_FUNCTION_EXISTS=pthread_create   -o CMakeFiles/cmTC_7892d.dir/CheckFunctionExists.c.o   -c /usr/share/cmake-3.16/Modules/CheckFunctionExists.c
Linking C executable cmTC_7892d
/usr/bin/cmake -E cmake_link_script CMakeFiles/cmTC_7892d.dir/link.txt --verbose=1
/usr/bin/cc  -DCHECK_FUNCTION_EXISTS=pthread_create  -fprofile-arcs -ftest-coverage  CMakeFiles/cmTC_7892d.dir/CheckFunctionExists.c.o  -o cmTC_7892d  -lpthreads 
/usr/bin/ld: cannot find -lpthreads
collect2: error: ld returned 1 exit status
make[1]: *** [CMakeFiles/cmTC_7892d.dir/build.make:87: cmTC_7892d] Error 1
make[1]: Leaving directory '/mnt/c/Users/c.bouchet/Documents/Davey/Example_GoogleTest/build/CMakeFiles/CMakeTmp'
make: *** [Makefile:121: cmTC_7892d/fast] Error 2



